$
$PMTKLOX,0,256*58
$PMTKLOX,1,0,0100010A,1F000000,0F000000,0000100A,00000000,00000000,00000000,00000000,00000000,00000000,00000000,0000001F,FFFFFFFF,FFFFFFFF,FFFFFFFF,000C8C14,55E47258,02492A16,429F0C9B,C24C0028,64E47258,02482A16,429F0C9B,C24C0018*22
$PMTKLOX,1,1,73E47258,02472A16,42A00C9B,C24C003F,82E47258,02472A16,42A00C9B,C24C00CE,91E47258,02452A16,42A00C9B,C24C00DF,A0E47258,02442A16,42A00C9B,C24C00EF,AFE47258,02442A16,42A00C9B,C24C00E0,BEE47258,02412A16,42A10C9B,C24C00F5*5F
$PMTKLOX,1,2,CDE47258,023F2A16,42A10C9B,C24C00F8,DCE47258,023D2A16,42A10C9B,C24C00EB,EBE47258,02392A16,42A20C9B,C24C00DB,FAE47258,023C2A16,42A50C9B,C24C00C8,09E57258,023A2A16,42A70C9B,C24C003E,18E57258,02392A16,42A80C9B,C24C0023*21
$PMTKLOX,1,3,27E57258,02382A16,42A90C9B,C24C001C,36E57258,02362A16,42A80C9B,C24C0002,45E57258,02342A16,42A90C9B,C24C0072,54E57258,02362A16,42AA0C9B,C24C0062,63E57258,023A2A16,42A80C9B,C24C005B,72E57258,023A2A16,42A70C9B,C24C0045*26
$PMTKLOX,1,4,81E57258,023A2A16,42A80C9B,C24C00B9,90E57258,02392A16,42AB0C9B,C24C00A8,9FE57258,02322A16,42AC0C9B,C24C00AB,AEE57258,022B2A16,42AC0C9B,C24C0083,BDE57258,02282A16,42AB0C9B,C24C0094,CCE57258,02262A16,42AA0C9B,C24C00EA*5C
$PMTKLOX,1,5,DBE57258,022F2A16,42AF0C9B,C24B00F6,EAE57258,022C2A16,42AE0C9B,C24B00C5,F9E57258,022B2A16,42AC0C9B,C24B00D3,08E67258,022B2A16,42AB0C9B,C24B0026,17E67258,022A2A16,42AA0C9B,C24B0039,26E67258,022C2A16,42AA0C9B,C24B000E*26
$PMTKLOX,1,6,35E67258,02292A16,42A80C9B,C24B001A,44E67258,02262A16,42A70C9B,C24B006B,53E67258,02252A16,42A60C9B,C24B007E,62E67258,02242A16,42A40C9B,C24B004C,71E67258,022F2A16,42A70C9B,C24A0056,80E67258,022B2A16,42A60C9B,C24A00A2*23
$PMTKLOX,1,7,8FE67258,022C2A16,42A70C9B,C24A00AB,9EE67258,022A2A16,42A70C9B,C24A00BC,ADE67258,02292A16,42A70C9B,C24A008C,BCE67258,02282A16,42A70C9B,C24A009C,CBE67258,02262A16,42A70C9B,C24A00E5,DAE67258,02242A16,42A70C9B,C24A00F6*5F
$PMTKLOX,1,8,E9E67258,042A2A16,42A60C9B,C24A00CC,F8E67258,04362A16,42A70C9B,C24900C3,07E77258,04362A16,42A30C9B,C2480038,16E77258,04362A16,42A30C9B,C2480029,25E77258,04372A16,42A40C9B,C248001C,34E77258,04382A16,42A40C9B,C2480002*52
$PMTKLOX,1,9,43E77258,04352A16,42A40C9B,C2480078,52E77258,04352A16,42A50C9B,C2480068,61E77258,04372A16,42A50C9B,C2480059,70E77258,04352A16,42A50C9B,C248004A,7FE77258,04322A16,42A50C9B,C2480042,8EE77258,04322A16,42A50C9B,C24800B3*51
$PMTKLOX,1,10,9DE77258,04382A16,42A50C9B,C24800AA,ACE77258,04362A16,42A50C9B,C247009A,BBE77258,04362A16,42A50C9B,C247008D,CAE77258,04362A16,42A50C9B,C24700FC,D9E77258,04372A16,42A60C9B,C24700ED,E8E77258,04372A16,42A50C9B,C24700DF*14
$PMTKLOX,1,11,F7E77258,04382A16,42A60C9B,C24700CC,06E87258,043A2A16,42A70C9B,C2470031,15E87258,043A2A16,42A70C9B,C2470022,24E87258,04382A16,42A80C9B,C247001E,33E87258,043A2A16,42A80C9B,C247000B,42E87258,043C2A16,42A70C9B,C2470073*17
$PMTKLOX,1,12,51E87258,04312A16,429F0C9B,C2470055,60E87258,043E2A16,42980C9B,C247006C,6FE87258,04602A16,428C0C9B,C2460028,7EE87258,04652A16,428B0C9B,C246003B,8DE87258,044A2A16,42910C9B,C24600FD,9CE87258,043C2A16,42980C9B,C2460093*69
$PMTKLOX,1,13,ABE87258,043F2A16,429A0C9B,C24600A5,BAE87258,043E2A16,429C0C9B,C24600B3,C9E87258,04372A16,429D0C9B,C24500CB,D8E87258,04342A16,429B0C9B,C24500DF,E7E87258,042C2A16,429C0C9B,C24500FF,F6E87258,04242A16,429D0C9B,C24500E7*6E
$PMTKLOX,1,14,05E97258,041F2A16,429F0C9B,C245002C,14E97258,041B2A16,429F0C9B,C2450039,23E97258,041A2A16,429F0C9B,C245000F,32E97258,04182A16,429F0C9B,C245001C,41E97258,04172A16,429E0C9B,C2450061,50E97258,04192A16,429D0C9B,C245007D*14
$PMTKLOX,1,15,5FE97258,04192A16,429E0C9B,C2450071,6EE97258,041B2A16,429E0C9B,C2450042,7DE97258,041E2A16,42A10C9B,C245006B,8CE97258,042E2A16,42A30C9B,C24500A8,9BE97258,043D2A16,42AC0C9B,C24400A2,AAE97258,044A2A16,42B20C9B,C24400FA*6C
$PMTKLOX,1,17,13EA7258,04482A16,42AC0C9B,C244005C,22EA7258,04422A16,42A60C9B,C245006C,31EA7258,043D2A16,42A40C9B,C2450002,40EA7258,04372A16,42A10C9B,C245007C,4FEA7258,04322A16,42A00C9B,C2450077,5EEA7258,04362A16,42A40C9B,C2440067*15
$PMTKLOX,1,18,6DEA7258,043C2A16,42A40C9B,C244005E,7CEA7258,043C2A16,42A50C9B,C244004E,8BEA7258,043C2A16,42A60C9B,C24400BA,9AEA7258,043B2A16,42A30C9B,C24300AE,A9EA7258,04392A16,42A20C9B,C242009F,B8EA7258,04382A16,42A30C9B,C242008E*61
$PMTKLOX,1,19,C7EA7258,04352A16,429F0C9B,C24100C3,D6EA7258,04332A16,429B0C9B,C24100D0,E5EA7258,04322A16,429A0C9B,C24000E2,F4EA7258,04352A16,42990C9B,C23F0088,03EB7258,04362A16,42990C9B,C23E007C,12EB7258,04362A16,42980C9B,C23E006C*1B
$PMTKLOX,1,20,21EB7258,04382A16,42950C9B,C23D005F,30EB7258,04362A16,42970C9B,C23C0043,3FEB7258,04372A16,429D0C9B,C23A0041,4EEB7258,043A2A16,429E0C9B,C239003D,5DEB7258,043C2A16,42A20C9B,C2340019,6CEB7258,043C2A16,42A30C9B,C2340029*6A
$PMTKLOX,1,21,7BEB7258,043B2A16,42A20C9B,C2340038,8AEB7258,043C2A16,42A10C9B,C23300CA,99EB7258,043F2A16,42A20C9B,C23200D8,A8EB7258,043D2A16,42A30C9B,C23200EA,B7EB7258,04392A16,42A40C9B,C23100F5,C6EB7258,04382A16,42A50C9B,C2310084*16
$PMTKLOX,1,22,D5EB7258,04372A16,42A80C9B,C2300094,E4EB7258,04372A16,42A40C9B,C22F00B6,F3EB7258,04392A16,42A60C9B,C22F00AD,02EC7258,043C2A16,42A50C9B,C22F005D,11EC7258,043C2A16,42A60C9B,C22F004D,20EC7258,043D2A16,42A60C9B,C22F007D*17
$PMTKLOX,1,23,2FEC7258,043E2A16,42A80C9B,C22F007F,3EEC7258,043F2A16,42A70C9B,C22F0060,4DEC7258,043E2A16,42A70C9B,C22F0012,5CEC7258,043D2A16,42A70C9B,C22F0000,6BEC7258,043D2A16,42A70C9B,C22F0037,7AEC7258,043E2A16,42A60C9B,C22F0024*14
$PMTKLOX,1,24,89EC7258,04402A16,42A40C9B,C22F00AB,98EC7258,04402A16,42A40C9B,C22F00BA,A7EC7258,04402A16,42A30C9B,C22F0082,B6EC7258,043B2A16,42A30C9B,C22F00E8,C5EC7258,04392A16,42A30C9B,C22F0099,D4EC7258,043A2A16,42A10C9B,C22F0089*13
$PMTKLOX,1,25,E3EC7258,043B2A16,42A20C9B,C22F00BC,F2EC7258,04402A16,42A10C9B,C22D00D7,01ED7258,04462A16,429C0C9B,C22C001F,10ED7258,04472A16,429B0C9B,C22C0008,1FED7258,04482A16,429B0C9B,C22C0008,2EED7258,04482A16,429D0C9B,C22B0038*10
$PMTKLOX,1,26,3DED7258,04482A16,429D0C9B,C22B002B,4CED7258,04482A16,429D0C9B,C22B005A,5BED7258,04462A16,429E0C9B,C22B0040,6AED7258,04452A16,429E0C9B,C22B0072,79ED7258,04432A16,429D0C9B,C22B0064,88ED7258,04402A16,429E0C9B,C22B0095*68
$PMTKLOX,1,27,97ED7258,043E2A16,429F0C9B,C22B00F5,A6ED7258,043C2A16,42A00C9B,C22B00F9,B5ED7258,043B2A16,42A00C9B,C22B00ED,C4ED7258,043C2A16,42A30C9B,C22B0098,D3ED7258,043A2A16,42A40C9B,C22B008E,E2ED7258,04372A16,42A20C9B,C22B00B4*69
$PMTKLOX,1,28,F1ED7258,04372A16,42A20C9B,C22B00A7,00EE7258,04362A16,42A20C9B,C22B0054,0FEE7258,04382A16,42A20C9B,C22B0055,1EEE7258,043A2A16,42A10C9B,C22B0045,2DEE7258,043B2A16,42A00C9B,C22B0076,3CEE7258,043C2A16,42A00C9B,C22B0060*1B
$PMTKLOX,1,29,4BEE7258,043C2A16,42A00C9B,C22B0017,5AEE7258,043D2A16,429F0C9B,C22B0038,69EE7258,043E2A16,429F0C9B,C22B0008,78EE7258,04402A16,42A10C9B,C22B0059,87EE7258,044E2A16,42AA0C9B,C22B00A3,96EE7258,04552A16,42AD0C9B,C22C00A9*63
$PMTKLOX,1,30,A5EE7258,04542A16,42AD0C9B,C22C009B,B4EE7258,04522A16,42AC0C9B,C22C008D,C3EE7258,044E2A16,42A90C9B,C22C00E3,D2EE7258,04462A16,42A60C9B,C22C00F5,E1EE7258,04412A16,42A40C9B,C22C00C3,F0EE7258,04422A16,42A80C9B,C22C00DD*6D
$PMTKLOX,1,31,FFEE7258,043F2A16,42A90C9B,C22C00AE,0EEF7258,043A2A16,42A80C9B,C22C005A,1DEF7258,043B2A16,42A80C9B,C22C0048,2CEF7258,043A2A16,42A80C9B,C22C0078,3BEF7258,043A2A16,42AA0C9B,C22C006D,4AEF7258,043C2A16,42AB0C9B,C22C001B*6A
$PMTKLOX,1,32,59EF7258,04412A16,42AB0C9B,C22C0075,68EF7258,04412A16,42AB0C9B,C22C0044,77EF7258,04412A16,42A90C9B,C22C0059,86EF7258,043D2A16,42A80C9B,C22C00D5,95EF7258,04382A16,42A50C9B,C22C00CE,A4EF7258,04382A16,42A40C9B,C22C00FE*14
$PMTKLOX,1,34,0DF07258,04342A16,42A50C9B,C22C0045,1CF07258,042F2A16,42A40C9B,C22C004E,2BF07258,042E2A16,42A40C9B,C22C0078,3AF07258,04292A16,42A50C9B,C22C006F,49F07258,04282A16,42A40C9B,C22C001C,58F07258,04252A16,42A40C9B,C22C0000*14
$PMTKLOX,1,35,67F07258,04252A16,42A50C9B,C22C003E,76F07258,041D2A16,42A20C9B,C22C0010,85F07258,04192A16,429C0C9B,C22C00D9,94F07258,04182A16,429C0C9B,C22C00C9,A3F07258,04212A16,42A00C9B,C22C00FB,B2F07258,04282A16,42A30C9B,C22C00E0*13
$PMTKLOX,1,36,C1F07258,04302A16,42A40C9B,C22D008D,D0F07258,04392A16,42AA0C9B,C22D009B,DFF07258,044A2A16,42AE0C9B,C22E00E0,EEF07258,04492A16,42AF0C9B,C22E00D3,FDF07258,04462A16,42AF0C9B,C22E00CF,0CF17258,04442A16,42AF0C9B,C22E003D*6B
$PMTKLOX,1,37,1BF17258,04442A16,42AF0C9B,C22E002A,2AF17258,04402A16,42AF0C9B,C22E001F,39F17258,043E2A16,42B00C9B,C22E006D,48F17258,04452A16,42B20C9B,C22E0065,57F17258,04472A16,42B40C9B,C22E007E,66F17258,04452A16,42B40C9B,C22E004D*6C
$PMTKLOX,1,38,75F17258,04452A16,42B40C9B,C22E005E,84F17258,04462A16,42B50C9B,C22E00AD,93F17258,044A2A16,42B60C9B,C22E00B5,A2F17258,04462A16,42B10C9B,C22E008F,B1F17258,04442A16,42B10C9B,C22E009E,C0F17258,04462A16,42B40C9B,C22E00E8*1C
$PMTKLOX,1,39,CFF17258,044A2A16,42B50C9B,C22E00EA,DEF17258,04482A16,42B40C9B,C22E00F8,EDF17258,04442A16,42B10C9B,C22E00C2,FCF17258,04412A16,42B00C9B,C22E00D7,0BF27258,043E2A16,42B00C9B,C22E005C,1AF27258,04412A16,42B00C9B,C22E0032*60
$PMTKLOX,1,40,29F27258,043F2A16,42AF0C9B,C22F0061,38F27258,043D2A16,42AE0C9B,C22F0073,47F27258,043C2A16,42AE0C9B,C22F000D,56F27258,04352A16,42A80C9B,C22E0012,65F27258,04362A16,42A80C9B,C22E0022,74F27258,04392A16,42A90C9B,C22F003C*6C
$PMTKLOX,1,41,83F27258,043A2A16,42AA0C9B,C22F00CB,92F27258,04432A16,42AC0C9B,C22F00A5,A1F27258,04442A16,42AC0C9B,C22F0091,B0F27258,04472A16,42AC0C9B,C22F0083,BFF27258,04492A16,42AD0C9B,C22F0083,CEF27258,044B2A16,42AF0C9B,C22F00F2*69
$PMTKLOX,1,42,DDF27258,044D2A16,42B20C9B,C22F00FA,ECF27258,044D2A16,42B50C9B,C22F00CC,FBF27258,04492A16,42B40C9B,C22F00DE,FFFFFFFF,FFFFFFFF,FFFFFFFF,FFFFFFFF,0200010A,1F000000,0F000000,0000130A,00000000,00000000,00000000,00000000*11
$PMTKLOX,1,43,00000000,00000000,00000000,0000001F,FFFFFFFF,FFFFFFFF,FFFFFFFF,000C8C14,0AF37258,04472A16,42B40C9B,C22F0020,19F37258,04472A16,42B50C9B,C22F0032,28F37258,04432A16,42B40C9B,C22F0006,37F37258,04432A16,42B60C9B,C22F001B*17
$PMTKLOX,1,44,46F37258,04442A16,42B70C9B,C22F006C,55F37258,04432A16,42B60C9B,C22F0079,64F37258,04432A16,42B40C9B,C22F004A,73F37258,04422A16,42B10C9B,C22F0059,82F37258,04402A16,42AC0C9B,C22F00B7,91F37258,043D2A16,42AA0C9B,C22F00DF*68
$PMTKLOX,1,45,A0F37258,043B2A16,42A80C9B,C22F00EA,AFF37258,04352A16,42A50C9B,C23000F9,BEF37258,04342A16,42A40C9B,C23000E8,CDF37258,04332A16,42A50C9B,C230009D,DCF37258,04302A16,42A30C9B,C2300089,EBF37258,04332A16,42A30C9B,C23000BD*6B
$PMTKLOX,1,46,FAF37258,04302A16,42A30C9B,C23000AF,09F47258,04312A16,42A40C9B,C230005D,18F47258,042E2A16,42A30C9B,C2300054,27F47258,042E2A16,42A50C9B,C230006D,36F47258,04302A16,42A00C9B,C2300067,45F47258,04322A16,42A00C9B,C2300016*6A
$PMTKLOX,1,47,54F47258,04302A16,429F0C9B,C230003A,63F47258,04312A16,42A00C9B,C2300033,72F47258,04312A16,42A20C9B,C2300020,81F47258,04312A16,42A10C9B,C23000D0,90F47258,04302A16,429F0C9B,C23000FE,9FF47258,042F2A16,429E0C9B,C23100EE*6B
$PMTKLOX,1,48,AEF47258,042C2A16,429B0C9B,C23100D9,BDF47258,04272A16,42980C9B,C23100C2,CCF47258,04272A16,42970C9B,C23100BC,DBF47258,042B2A16,42980C9B,C23100A8,EAF47258,042D2A16,42970C9B,C2310090,F9F47258,042F2A16,429A0C9B,C231008C*1D
$PMTKLOX,1,49,08F57258,04332A16,429C0C9B,C2310066,17F57258,04332A16,429A0C9B,C231007F,26F57258,04332A16,429C0C9B,C2310048,35F57258,04332A16,429C0C9B,C230005A,44F57258,04352A16,429C0C9B,C230002D,53F57258,04352A16,429A0C9B,C230003C*61
$PMTKLOX,1,51,BCF57258,043A2A16,429E0C9B,C22F00C7,CBF57258,043B2A16,429F0C9B,C22F00B0,DAF57258,04402A16,429E0C9B,C22F00DB,E9F57258,043E2A16,42A00C9B,C22F00A8,F8F57258,043E2A16,42A10C9B,C22F00B8,07F67258,04402A16,42A20C9B,C22F0039*68
$PMTKLOX,1,52,16F67258,04402A16,42A50C9B,C22F002F,25F67258,04402A16,42A40C9B,C2300002,34F67258,04412A16,42A40C9B,C22F000D,43F67258,04402A16,42A40C9B,C22F007B,52F67258,04412A16,42A40C9B,C2300074,61F67258,043E2A16,42A30C9B,C230003F*6D
$PMTKLOX,1,53,70F67258,043C2A16,42A30C9B,C230002C,7FF67258,043B2A16,42A10C9B,C2300026,8EF67258,04392A16,42A00C9B,C23000D4,9DF67258,043A2A16,42A20C9B,C23000C6,ACF67258,043F2A16,42A30C9B,C23000F3,BBF67258,04442A16,42A30C9B,C230009F*6C
$PMTKLOX,1,54,CAF67258,044B2A16,42A30C9B,C23000E1,D9F67258,044E2A16,42A30C9B,C23100F6,E8F67258,044C2A16,42A30C9B,C23100C5,F7F67258,044B2A16,42A20C9B,C23100DC,06F77258,044A2A16,42A30C9B,C231002C,15F77258,044C2A16,42A20C9B,C2310038*12
$PMTKLOX,1,55,24F77258,044E2A16,42A20C9B,C231000B,33F77258,04502A16,42A10C9B,C2310001,42F77258,044D2A16,429E0C9B,C2310052,51F77258,044D2A16,429E0C9B,C2310041,60F77258,044D2A16,429F0C9B,C2310071,6FF77258,044D2A16,429F0C9B,C231007E*68
$PMTKLOX,1,56,7EF77258,044D2A16,42A10C9B,C2310051,8DF77258,044F2A16,42A20C9B,C23100A3,9CF77258,04532A16,42A20C9B,C23100AE,ABF77258,04542A16,42A40C9B,C2310098,BAF77258,04532A16,42A40C9B,C231008E,C9F77258,044E2A16,42950C9B,C23700D7*10
$PMTKLOX,1,57,D8F77258,044F2A16,429C0C9B,C23E00C7,E7F77258,044F2A16,429D0C9B,C23D00FA,F6F77258,04522A16,429E0C9B,C23D00F5,05F87258,04552A16,429D0C9B,C23E000E,14F87258,04572A16,429C0C9B,C2400062,23F87258,04562A16,429D0C9B,C2400055*6C
$PMTKLOX,1,58,32F87258,04562A16,429E0C9B,C2400047,41F87258,04552A16,429F0C9B,C2400036,50F87258,04552A16,42A10C9B,C2400019,5FF87258,04572A16,42A50C9B,C2400010,6EF87258,045A2A16,42A80C9B,C2400021,86F87258,04612A16,42AF0C9B,C24000F5*1E
$PMTKLOX,1,59,95F87258,044B2A16,42A90C9B,C24100CB,A4F87258,04472A16,42A90C9B,C24100F6,B3F87258,04442A16,42A60C9B,C24100ED,D6F87258,04452A16,42A70C9B,C2410088,E5F87258,04462A16,42A30C9B,C24100BC,F4F87258,04462A16,42A10C9B,C24100AF*1D
$PMTKLOX,1,60,03F97258,04452A16,429E0C9B,C2410065,12F97258,04452A16,429D0C9B,C2400076,21F97258,04452A16,429B0C9B,C2400043,30F97258,04452A16,429D0C9B,C2400054,3FF97258,04442A16,42A00C9B,C2400067,4EF97258,04452A16,42A40C9B,C2400013*6E
$PMTKLOX,1,61,5DF97258,04472A16,42A50C9B,C2400003,6CF97258,04472A16,42A30C9B,C2400034,7BF97258,044A2A16,42A20C9B,C240002F,8AF97258,044D2A16,42A30C9B,C24000D8,99F97258,044F2A16,42A50C9B,C24000CF,A8F97258,04522A16,42A80C9B,C24000EE*6D
$PMTKLOX,1,62,B7F97258,04532A16,42AA0C9B,C24000F2,C6F97258,04502A16,42A90C9B,C2400083,D5F97258,044B2A16,42A90C9B,C240008B,E4F97258,044B2A16,42A90C9B,C24000BA,F3F97258,044A2A16,42A80C9B,C24000AD,02FA7258,04452A16,42AA0C9B,C2400052*11
$PMTKLOX,1,63,11FA7258,04472A16,42AB0C9B,C2400042,20FA7258,04472A16,42AA0C9B,C2400072,2FFA7258,04442A16,42A90C9B,C240007D,3EFA7258,043F2A16,42A90C9B,C2400017,4DFA7258,043F2A16,42A90C9B,C2400064,5CFA7258,04402A16,42A90C9B,C240000A*69
$PMTKLOX,1,64,6BFA7258,044C2A16,42AC0C9B,C23F004B,7AFA7258,044F2A16,42AF0C9B,C23F005A,89FA7258,044D2A16,42AD0C9B,C24000D6,98FA7258,044E2A16,42AB0C9B,C24000C2,A7FA7258,044F2A16,42A90C9B,C24000FE,B6FA7258,04522A16,42A80C9B,C24000F3*6E
$PMTKLOX,1,65,C5FA7258,04532A16,42A70C9B,C240008E,D4FA7258,04532A16,42A70C9B,C240009F,E3FA7258,04512A16,42A40C9B,C24000A9,F2FA7258,04522A16,42A20C9B,C24000BD,01FB7258,04512A16,429F0C9B,C2400071,10FB7258,044B2A16,429B0C9B,C240007E*14
$PMTKLOX,1,66,1FFB7258,04452A16,42980C9B,C23F0003,2EFB7258,04462A16,42980C9B,C23F0031,3DFB7258,04452A16,429A0C9B,C23F0023,4CFB7258,04472A16,429B0C9B,C23F0051,5BFB7258,044A2A16,42980C9B,C23F0048,6AFB7258,044B2A16,42960C9B,C23F0076*6E
$PMTKLOX,1,67,80FB7258,04442A16,42900C9B,C23F0095,8FFB7258,04462A16,429C0C9B,C23F0094,9EFB7258,04422A16,429C0C9B,C23F0081,ADFB7258,043E2A16,429A0C9B,C23F00C8,BCFB7258,04382A16,42990C9B,C23F00DC,CBFB7258,04362A16,42980C9B,C23F00A4*6B
$PMTKLOX,1,68,DAFB7258,04332A16,42970C9B,C23F00BF,E9FB7258,04312A16,42970C9B,C23F008E,F8FB7258,04352A16,42990C9B,C23F0095,07FC7258,04332A16,429E0C9B,C23F006C,16FC7258,042F2A16,429E0C9B,C23F0061,25FC7258,042E2A16,429C0C9B,C23F0051*19
$PMTKLOX,1,69,34FC7258,04312A16,429B0C9B,C23F0058,4CFC7258,04382A16,429B0C9B,C23F0029,5BFC7258,043F2A16,42A10C9B,C23F0003,6AFC7258,04422A16,429B0C9B,C23F0075,79FC7258,04452A16,429A0C9B,C23F0060,88FC7258,04452A16,42990C9B,C23F0092*1A
$PMTKLOX,1,70,97FC7258,04462A16,42990C9B,C23F008E,A6FC7258,04472A16,42980C9B,C23F00BF,B5FC7258,04432A16,42970C9B,C23F00A7,C4FC7258,04402A16,429A0C9B,C23F00D8,D3FC7258,043E2A16,42980C9B,C23F00B3,E2FC7258,043C2A16,42940C9B,C23F008C*10
$PMTKLOX,1,71,F1FC7258,043A2A16,428E0C9B,C23F0083,00FD7258,042F2A16,42930C9B,C2400004,0FFD7258,04282A16,42950C9B,C240000A,1EFD7258,04272A16,42970C9B,C2400016,2DFD7258,04302A16,42950C9B,C2400030,3CFD7258,04352A16,42960C9B,C2400027*6E
$PMTKLOX,1,72,4BFD7258,04392A16,42950C9B,C240005F,5AFD7258,043E2A16,42960C9B,C240004A,69FD7258,04402A16,42990C9B,C2400008,78FD7258,043E2A16,42970C9B,C2400069,87FD7258,04362A16,42970C9B,C240009E,96FD7258,04302A16,42990C9B,C2400087*16
$PMTKLOX,1,73,A5FD7258,042E2A16,42930C9B,C24000A0,B4FD7258,043E2A16,428E0C9B,C23F00C3,C3FD7258,04432A16,428B0C9B,C23F00CC,D2FD7258,04402A16,42880C9B,C23F00DD,E1FD7258,04382A16,428C0C9B,C23F0092,F0FD7258,04382A16,429A0C9B,C24000EA*68
$PMTKLOX,1,74,FFFD7258,043A2A16,42990C9B,C24000E4,0EFE7258,043B2A16,42980C9B,C2400016,1DFE7258,043F2A16,42990C9B,C2400000,2CFE7258,04422A16,429B0C9B,C240004E,3BFE7258,04422A16,429D0C9B,C240005F,4AFE7258,043F2A16,42A10C9B,C240006F*6F
$PMTKLOX,1,75,59FE7258,04392A16,42A10C9B,C240007A,68FE7258,04382A16,42A10C9B,C240004A,77FE7258,04362A16,42A00C9B,C240005A,86FE7258,04372A16,42A00C9B,C24000AA,95FE7258,04322A16,429F0C9B,C2400083,A4FE7258,042D2A16,429F0C9B,C24000AD*11
$PMTKLOX,1,76,B3FE7258,04282A16,42A10C9B,C2400081,C2FE7258,04272A16,42A40C9B,C24000FA,D1FE7258,042A2A16,42A60C9B,C24000E6,E0FE7258,04302A16,42A40C9B,C24000CF,EFFE7258,04342A16,42A50C9B,C24000C5,FEFE7258,04352A16,42A40C9B,C24000D4*6F
$PMTKLOX,1,77,0DFF7258,042F2A16,42A20C9B,C240003A,1CFF7258,042C2A16,42960C9B,C240001C,2BFF7258,042C2A16,42970C9B,C240002A,3AFF7258,04312A16,42990C9B,C2400028,49FF7258,043A2A16,429E0C9B,C2410056,66FF7258,04472A16,42A70C9B,C241003D*13
$PMTKLOX,1,78,75FF7258,04442A16,42A90C9B,C2410023,84FF7258,04442A16,42AA0C9B,C24100D1,93FF7258,04422A16,42A80C9B,C24100C2,A2FF7258,04442A16,42A40C9B,C24100F9,C4FF7258,043D2A16,42990C9B,C24100DB,D3FF7258,04342A16,42950C9B,C24200CA*63
$PMTKLOX,1,79,E2FF7258,04302A16,42940C9B,C24200FE,F1FF7258,042D2A16,42970C9B,C24200F3,00007358,042C2A16,429A0C9B,C24200F0,0F007358,042B2A16,429A0C9B,C24200F8,1E007358,042E2A16,429B0C9B,C24200ED,2D007358,04382A16,429B0C9B,C24200C8*1D
$PMTKLOX,1,80,3C007358,043C2A16,429B0C9B,C24200DD,4B007358,043B2A16,429B0C9B,C24200AD,5A007358,04382A16,429C0C9B,C24200B8,69007358,04372A16,42A00C9B,C24200B8,78007358,04382A16,42A20C9B,C24200A4,91007358,04342A16,42A50C9B,C2420046*66
$PMTKLOX,1,81,A0007358,042D2A16,42A20C9B,C2420069,AF007358,042C2A16,42A20C9B,C2420067,BE007358,04302A16,42A30C9B,C242006B,CD007358,042F2A16,42A60C9B,C2420002,DC007358,042B2A16,42A80C9B,C2420019,EB007358,042D2A16,42AB0C9B,C242002B*1E
$PMTKLOX,1,82,FA007358,042F2A16,42AB0C9B,C2420038,09017358,04322A16,42AA0C9B,C24200D6,18017358,04342A16,42AA0C9B,C24200C1,27017358,04352A16,42A90C9B,C24200FC,3B017358,043A2A16,42A80C9B,C24200EE,4A017358,043C2A16,42A70C9B,C2420096*66
$PMTKLOX,1,83,59017358,04392A16,42A60C9B,C2420081,68017358,04372A16,42A40C9B,C24200BC,77017358,043B2A16,42A20C9B,C24200A9,86017358,04412A16,42A40C9B,C2420024,95017358,04432A16,42A50C9B,C2420034,A4017358,04412A16,42A20C9B,C2420000*1C
$PMTKLOX,1,85,15027358,04492A16,42910C9B,C2430088,FFFFFFFF,FFFFFFFF,FFFFFFFF,FFFFFFFF,0300010A,1F000000,0F000000,0000120A,00000000,00000000,00000000,00000000,00000000,00000000,00000000,0000001F,FFFFFFFF,FFFFFFFF,FFFFFFFF,000C8C14*1D
$PMTKLOX,1,86,2E027358,044E2A16,42920C9B,C24300B7,3D027358,043A2A16,42A90C9B,C24300EB,4C027358,04312A16,42B00C9B,C2430088,5B027358,04322A16,42B00C9B,C243009C,6A027358,04312A16,42AF0C9B,C24300B1,79027358,04322A16,42AD0C9B,C24300A3*64
$PMTKLOX,1,87,88027358,04332A16,42AA0C9B,C2430054,97027358,04362A16,42AA0C9B,C243004E,A6027358,04372A16,42AC0C9B,C2430078,B5027358,043A2A16,42AA0C9B,C2430060,C4027358,043C2A16,429F0C9B,C2440025,D3027358,04402A16,42990C9B,C2440048*61
$PMTKLOX,1,88,E2027358,04412A16,429C0C9B,C244007D,F1027358,04432A16,429F0C9B,C244006F,05037358,04452A16,42A20C9B,C24400A1,14037358,043E2A16,429E0C9B,C24400F7,23037358,043C2A16,429F0C9B,C24400C3,32037358,043A2A16,429E0C9B,C24400D5*15
$PMTKLOX,1,89,41037358,04392A16,429E0C9B,C24400A5,50037358,04342A16,42A00C9B,C2440087,5F037358,04312A16,42A10C9B,C244008C,6E037358,04342A16,42A40C9B,C24400BD,7D037358,04382A16,42A30C9B,C24400A5,8C037358,043A2A16,42A30C9B,C2440056*69
$PMTKLOX,1,90,9B037358,043B2A16,42A30C9B,C2440040,AA037358,043D2A16,42A20C9B,C2440076,B9037358,043A2A16,42A40C9B,C2440064,C8037358,04312A16,42A80C9B,C2440012,D7037358,042D2A16,42AA0C9B,C2440013,E6037358,042E2A16,42A90C9B,C2440022*1E
$PMTKLOX,1,91,F5037358,042F2A16,42A80C9B,C2440031,04047358,04322A16,42A50C9B,C24400D7,13047358,04332A16,42A50C9B,C24400C1,22047358,04322A16,42A60C9B,C24400F2,31047358,042E2A16,42A70C9B,C24400FC,40047358,042A2A16,42A70C9B,C2440089*19
$PMTKLOX,1,92,50047358,04282A16,42A80C9B,C2440094,5F047358,042F2A16,42A70C9B,C2440093,6E047358,04312A16,42A40C9B,C24400BF,85047358,04302A16,42A60C9B,C2440057,94047358,04382A16,42A50C9B,C244004D,A3047358,04352A16,42A50C9B,C2440077*1A
$PMTKLOX,1,93,B2047358,042E2A16,42A50C9B,C244007D,C1047358,042E2A16,42A50C9B,C244000E,D0047358,042E2A16,42A50C9B,C244001F,DF047358,04312A16,42A50C9B,C244000F,EE047358,04372A16,42A50C9B,C2440038,FD047358,043C2A16,42A30C9B,C2440026*1B
$PMTKLOX,1,94,0C057358,04402A16,42A50C9B,C24400AC,1B057358,04412A16,42A80C9B,C24400B7,2A057358,04462A16,42AA0C9B,C2440083,39057358,04422A16,42AC0C9B,C2440092,48057358,04432A16,42AD0C9B,C24500E2,57057358,04442A16,42AE0C9B,C24500F9*61
$PMTKLOX,1,95,66057358,04432A16,42AC0C9B,C24500CD,75057358,04462A16,42A90C9B,C24500DE,84057358,04492A16,42A60C9B,C245002F,93057358,044A2A16,42A40C9B,C2450039,A2057358,044D2A16,42A10C9B,C245000A,B1057358,044D2A16,429E0C9B,C2450026*64
$PMTKLOX,1,96,C0057358,04492A16,429F0C9B,C2450052,CF057358,04492A16,42A30C9B,C2450061,DE057358,04482A16,42A70C9B,C2450075,F1057358,043F2A16,42A80C9B,C2450022,00067358,04362A16,42A40C9B,C24500D5,0F067358,04342A16,42A70C9B,C24500DB*1E
$PMTKLOX,1,97,1E067358,04362A16,42A70C9B,C24500C8,2D067358,04382A16,42A70C9B,C24500F5,3C067358,04362A16,42AA0C9B,C24500E7,4B067358,04362A16,42AB0C9B,C2450091,5A067358,04412A16,42A70C9B,C24400FA,69067358,043E2A16,42A60C9B,C24400B7*66
$PMTKLOX,1,98,78067358,043A2A16,42A70C9B,C24400A3,92067358,025C2A16,42A50C9B,C244002B,BF067358,02172A16,42B30C9B,C244005B,CE067358,02362A16,429F0C9B,C2440027,DD067358,023B2A16,42A00C9B,C2440006,EC067358,02372A16,42A20C9B,C2440039*6F
$PMTKLOX,1,99,FB067358,02342A16,42A30C9B,C244002C,0A077358,022F2A16,42A40C9B,C24400C0,1E077358,022C2A16,42A50C9B,C24400D6,2D077358,04352A16,42A20C9B,C24400FD,3C077358,04352A16,42A30C9B,C24300EA,4B077358,043B2A16,42AA0C9B,C243009A*11
$PMTKLOX,1,100,5A077358,043B2A16,42AF0C9B,C243008E,69077358,04392A16,42B20C9B,C24300A2,78077358,04392A16,42B00C9B,C24300B1,87077358,04382A16,42AE0C9B,C2430051,96077358,04352A16,42AD0C9B,C243004E,A5077358,04332A16,42A80C9B,C243007E*22
$PMTKLOX,1,102,0E087358,04292A16,42A00C9B,C24200C9,1D087358,04262A16,42A00C9B,C24200D5,2C087358,04282A16,42A20C9B,C24200E8,3B087358,042A2A16,42A20C9B,C24200FD,4A087358,04262A16,42A10C9B,C2420083,59087358,04282A16,42A20C9B,C242009D*5B
$PMTKLOX,1,103,68087358,042B2A16,42A20C9B,C24200AF,7A087358,04372A16,42A20C9B,C24200A1,89087358,04402A16,42A30C9B,C2420024,98087358,04422A16,42A30C9B,C2420037,A7087358,04452A16,42A20C9B,C242000E,B6087358,04482A16,42A20C9B,C2410011*58
$PMTKLOX,1,104,C5087358,04492A16,42A20C9B,C2410063,D4087358,044C2A16,42A00C9B,C2410075,E3087358,044A2A16,429F0C9B,C241007B,F2087358,04462A16,42A00C9B,C2410059,01097358,043D2A16,429F0C9B,C24100EF,10097358,04372A16,429E0C9B,C24100F5*26
$PMTKLOX,1,105,1F097358,04312A16,429F0C9B,C24100FD,2E097358,04312A16,42A00C9B,C24100F3,3D097358,043A2A16,42A10C9B,C24100EA,50097358,043C2A16,42A00C9B,C2410080,5F097358,04382A16,42A00C9B,C241008B,6E097358,04382A16,42A10C9B,C24100BB*23
$PMTKLOX,1,106,7D097358,043A2A16,42A30C9B,C24100A8,8C097358,043B2A16,42A30C9B,C2410058,9B097358,043B2A16,42A40C9B,C2410048,AA097358,043B2A16,42A50C9B,C2410078,B9097358,043C2A16,42A50C9B,C241006C,C8097358,043B2A16,42A40C9B,C241001B*5F
$PMTKLOX,1,107,D7097358,04372A16,42A30C9B,C241000F,E6097358,04392A16,42A30C9B,C2410030,F5097358,043E2A16,42A30C9B,C2420027,040A7358,04402A16,42A40C9B,C24200AC,130A7358,043F2A16,42A40C9B,C24200C4,220A7358,04402A16,42A30C9B,C242008D*27
$PMTKLOX,1,108,310A7358,043E2A16,42A50C9B,C24200E6,400A7358,043A2A16,42A70C9B,C2420091,4F0A7358,04392A16,42A80C9B,C2420092,5E0A7358,04342A16,42AA0C9B,C241008F,6D0A7358,04322A16,42AB0C9B,C24100BB,7C0A7358,04312A16,42AC0C9B,C24100AE*2A
$PMTKLOX,1,109,8B0A7358,042F2A16,42AD0C9B,C2410046,9A0A7358,042F2A16,42AD0C9B,C2400056,A90A7358,04322A16,42AB0C9B,C23F0001,B80A7358,04392A16,42A60C9B,C23F0016,C70A7358,043B2A16,42A40C9B,C23E0068,D60A7358,04392A16,42A40C9B,C23E007B*2F
$PMTKLOX,1,110,E50A7358,043C2A16,42A50C9B,C23E004C,F40A7358,04392A16,42A40C9B,C23E0059,030B7358,04362A16,42A50C9B,C23E00A1,120B7358,04312A16,42A50C9B,C23E00B7,210B7358,042E2A16,42A30C9B,C23E009D,300B7358,042E2A16,42A40C9B,C23E008B*58
$PMTKLOX,1,111,3F0B7358,042B2A16,42A40C9B,C23E0081,4E0B7358,04242A16,42A50C9B,C23D00FD,5D0B7358,042F2A16,42A40C9B,C23D00E4,6C0B7358,04332A16,42A80C9B,C23E00C6,7B0B7358,04302A16,42A90C9B,C23F00D2,8A0B7358,04312A16,42A90C9B,C23F0022*22
$PMTKLOX,1,112,9B0B7358,04332A16,42A90C9B,C23F0031,AA0B7358,04352A16,42A90C9B,C23F0006,B90B7358,04362A16,42AA0C9B,C23F0015,C80B7358,04382A16,42AA0C9B,C23F006A,D70B7358,04382A16,42AA0C9B,C23F0075,E60B7358,043A2A16,42AA0C9B,C23F0046*27
$PMTKLOX,1,113,F50B7358,043B2A16,42A80C9B,C23F0056,040C7358,043A2A16,42A70C9B,C23F00AE,130C7358,04392A16,42A80C9B,C23F00B5,220C7358,04382A16,42A80C9B,C23F0085,310C7358,04382A16,42AA0C9B,C23F0094,400C7358,04372A16,42AA0C9B,C23F00EA*5F
$PMTKLOX,1,114,4F0C7358,04372A16,42A90C9B,C23F00E6,5E0C7358,04362A16,42A90C9B,C23F00F6,6D0C7358,04312A16,42A90C9B,C23F00C2,7C0C7358,042D2A16,42A80C9B,C23F00CE,8B0C7358,042F2A16,42A90C9B,C23F003A,9A0C7358,04302A16,42AB0C9B,C23F0036*21
$PMTKLOX,1,115,A90C7358,04322A16,42AB0C9B,C23F0007,B80C7358,04302A16,42AB0C9B,C23F0014,C70C7358,042F2A16,42AB0C9B,C23F0074,D60C7358,04312A16,42AB0C9B,C23F007B,E50C7358,04332A16,42AC0C9B,C23F004D,F40C7358,043E2A16,42AD0C9B,C23F0050*5F
$PMTKLOX,1,116,030D7358,04412A16,42AC0C9B,C23F00D8,120D7358,04432A16,42AC0C9B,C24000B4,210D7358,04452A16,42AD0C9B,C2400080,300D7358,04432A16,42AC0C9B,C2400096,3F0D7358,04422A16,42AB0C9B,C240009F,4E0D7358,043F2A16,42A90C9B,C2400091*5A
$PMTKLOX,1,117,5D0D7358,043B2A16,42A80C9B,C2400087,6C0D7358,043B2A16,42A70C9B,C24000B9,7B0D7358,043A2A16,42A80C9B,C24000A0,8A0D7358,04342A16,42A60C9B,C2400051,990D7358,04322A16,42A60C9B,C2400044,A80D7358,04352A16,42A80C9B,C240007C*26
$PMTKLOX,1,119,130E7358,04182A16,42960C9B,C24100D6,220E7358,041A2A16,42960C9B,C24100E5,310E7358,041B2A16,42950C9B,C24100F4,400E7358,04072A16,428B0C9B,C2410087,4F0E7358,04052A16,428A0C9B,C240008A,5E0E7358,04032A16,428B0C9B,C240009C*55
$PMTKLOX,1,120,6D0E7358,04022A16,428C0C9B,C24000A9,7C0E7358,04062A16,428D0C9B,C24000BD,8B0E7358,040B2A16,428E0C9B,C2400044,9A0E7358,04102A16,42900C9B,C2400050,AB0E7358,04132A16,42920C9B,C2410061,BA0E7358,041B2A16,42950C9B,C241007F*20
$PMTKLOX,1,121,C90E7358,04292A16,429A0C9B,C2410031,D80E7358,042E2A16,429B0C9B,C2410026,E70E7358,04312A16,429F0C9B,C2410002,F60E7358,04332A16,42A20C9B,C241002C,050F7358,04332A16,42A20C9B,C24100DE,140F7358,042F2A16,429F0C9B,C24100EE*23
$PMTKLOX,1,122,230F7358,042C2A16,429D0C9B,C24100D8,320F7358,042D2A16,429C0C9B,C24100C9,410F7358,042C2A16,429E0C9B,C24100B9,500F7358,042B2A16,429E0C9B,C24100AF,5F0F7358,042A2A16,429F0C9B,C24100A0,6E0F7358,04282A16,429E0C9B,C2410092*22
$PMTKLOX,1,123,7D0F7358,04242A16,429D0C9B,C241008E,8C0F7358,04242A16,429F0C9B,C241007D,9B0F7358,04202A16,429F0C9B,C241006E,AA0F7358,041B2A16,42A00C9B,C241005B,B90F7358,04182A16,42A00C9B,C241004B,C80F7358,04182A16,429F0C9B,C2410005*21
$PMTKLOX,1,124,D70F7358,04182A16,429D0C9B,C2410018,E60F7358,04182A16,429E0C9B,C241002A,F50F7358,041A2A16,429E0C9B,C241003B,04107358,041D2A16,429D0C9B,C24100D1,13107358,042B2A16,42A00C9B,C24100CD,22107358,042A2A16,42A00C9B,C24100FD*20
$PMTKLOX,1,125,31107358,04302A16,429F0C9B,C24100CB,40107358,04342A16,429F0C9B,C24100BE,4F107358,04362A16,42A00C9B,C241008C,5E107358,04372A16,42A00C9B,C241009C,6D107358,04342A16,429D0C9B,C2410091,7C107358,04332A16,429C0C9B,C2410086*58
$PMTKLOX,1,126,8B107358,04372A16,429B0C9B,C2410072,9A107358,04372A16,42980C9B,C2410060,A9107358,04362A16,42950C9B,C241005F,B8107358,04392A16,42970C9B,C2410043,C7107358,043C2A16,42990C9B,C2410037,D6107358,04372A16,42990C9B,C241002D*5D
$PMTKLOX,1,127,E5107358,04312A16,42990C9B,C2410018,F4107358,04302A16,42A10C9B,C2410030,03117358,04292A16,42A10C9B,C24100DF,12117358,04222A16,42A90C9B,C24100CD,21117358,04282A16,42A60C9B,C24100FB,FFFFFFFF,FFFFFFFF,FFFFFFFF,FFFFFFFF*5A
$PMTKLOX,1,128,0400010A,1F000000,0F000000,0000150A,00000000,00000000,00000000,00000000,00000000,00000000,00000000,0000001F,FFFFFFFF,FFFFFFFF,FFFFFFFF,000C8C14,30117358,04242A16,42A40C9B,C24100E4,3F117358,04242A16,42A20C9B,C24100ED*29
$PMTKLOX,1,129,4E117358,04212A16,42A10C9B,C241009A,A91D7C58,0402C51A,4249E69A,C24900B5,B81D7C58,0408C51A,4248E69A,C24E00A8,C71D7C58,040BC51A,4249E69A,C24F00D4,D81D7C58,02F7C41A,4257E69A,C2500031,E71D7C58,0209C51A,4251E69A,C24F00E8*52
$PMTKLOX,1,130,F61D7C58,020CC51A,424DE69A,C24F00E0,051E7C58,0209C51A,424BE69A,C24F0013,141E7C58,0209C51A,4249E69A,C24F0000,231E7C58,020AC51A,4247E69A,C24F003A,321E7C58,0212C51A,4246E69A,C24F0032,411E7C58,0213C51A,4247E69A,C24F0041*25
$PMTKLOX,1,131,501E7C58,020FC51A,4249E69A,C24F0042,5F1E7C58,020DC51A,4249E69A,C24F004F,6E1E7C58,020CC51A,4249E69A,C24F007F,7D1E7C58,040EC51A,4246E69A,C24F0067,8C1E7C58,040FC51A,424AE69A,C24E009A,9B1E7C58,0408C51A,424AE69A,C24E008A*5B
$PMTKLOX,1,132,AA1E7C58,0409C51A,4248E69A,C24E00B8,B91E7C58,0404C51A,4249E69A,C24D00A4,C81E7C58,0404C51A,4248E69A,C24D00D4,D71E7C58,0405C51A,4247E69A,C24D00C5,E61E7C58,0403C51A,4248E69A,C24C00FC,F51E7C58,0400C51A,4248E69A,C24C00EC*21
$PMTKLOX,1,133,041F7C58,0406C51A,4245E69A,C24D0016,131F7C58,0407C51A,4245E69A,C24D0000,221F7C58,0409C51A,4246E69A,C24C003D,311F7C58,040FC51A,4244E69A,C24C002A,401F7C58,0414C51A,4242E69A,C24C0046,4F1F7C58,0413C51A,4241E69A,C24C004D*22
$PMTKLOX,1,134,5E1F7C58,0415C51A,4242E69A,C24C0059,6D1F7C58,0415C51A,4243E69A,C24C006B,7C1F7C58,0416C51A,423CE69A,C24C0006,8B1F7C58,0418C51A,423BE69A,C24B00FF,9A1F7C58,0418C51A,423FE69A,C24A00EB,A91F7C58,0417C51A,423FE69A,C24A00D7*58
$PMTKLOX,1,136,12207C58,0418C51A,4245E69A,C24B0027,21207C58,041BC51A,4241E69A,C24B0013,30207C58,0418C51A,4241E69A,C24A0000,3F207C58,0411C51A,4243E69A,C2490007,4E207C58,0414C51A,4244E69A,C2480075,5D207C58,0414C51A,4246E69A,C2480064*25
$PMTKLOX,1,137,6C207C58,041AC51A,4246E69A,C2460055,7B207C58,041CC51A,4245E69A,C2450044,8A207C58,041DC51A,4246E69A,C24500B7,99207C58,0420C51A,4246E69A,C2450099,A8207C58,041AC51A,4245E69A,C2450091,B7207C58,0414C51A,4248E69A,C245008D*24
$PMTKLOX,1,138,C6207C58,041BC51A,424FE69A,C24500F4,B0287C58,02F6C41A,425BE69A,C2560067,BF287C58,02EFC41A,4243E69A,C2590066,CE287C58,02F4C41A,4243E69A,C24C0019,DD287C58,02F0C41A,424EE69A,C2560019,EC287C58,02EDC41A,424BE69A,C2650003*50
$PMTKLOX,1,139,FB287C58,02EDC41A,424CE69A,C2660010,0A297C58,02ECC41A,424CE69A,C26600E1,19297C58,02EBC41A,4249E69A,C26600F0,28297C58,02EFC41A,424AE69A,C26600C6,37297C58,02F2C41A,424CE69A,C26600C2,46297C58,02F5C41A,424CE69A,C26500B7*2E
$PMTKLOX,1,140,55297C58,02F8C41A,424BE69A,C26500AE,64297C58,02F9C41A,4249E69A,C265009C,73297C58,02F8C41A,4246E69A,C2650085,82297C58,02F7C41A,423FE69A,C2650002,91297C58,02FAC41A,4237E69A,C2650014,A0297C58,02F8C41A,4235E69A,C2650025*22
$PMTKLOX,1,141,AF297C58,02F5C41A,4238E69A,C265002A,BE297C58,02F7C41A,4238E69A,C2650039,CD297C58,02FCC41A,4236E69A,C265004F,DC297C58,02FCC41A,4236E69A,C265005E,EB297C58,02FCC41A,4236E69A,C2640068,FA297C58,02FDC41A,4235E69A,C264007B*5A
$PMTKLOX,1,142,092A7C58,02FCC41A,4234E69A,C264008B,182A7C58,02FDC41A,4237E69A,C2640098,272A7C58,02FDC41A,4238E69A,C26400A8,362A7C58,0200C51A,4239E69A,C2640044,452A7C58,02FCC41A,423BE69A,C26400C8,542A7C58,02F9C41A,423EE69A,C26400D9*20
$PMTKLOX,1,143,632A7C58,02F4C41A,423EE69A,C26400E3,722A7C58,02EFC41A,423CE69A,C26400EB,812A7C58,02E9C41A,4238E69A,C264001A,902A7C58,02E6C41A,4235E69A,C2640009,9F2A7C58,02E3C41A,4233E69A,C2640005,AE2A7C58,02E4C41A,422DE69A,C264002D*5A
$PMTKLOX,1,144,BD2A7C58,02F3C41A,4234E69A,C2640030,CC2A7C58,02FBC41A,423EE69A,C2650042,DB2A7C58,02F8C41A,4242E69A,C265002A,EA2A7C58,02F3C41A,4241E69A,C2650013,F92A7C58,02F1C41A,4240E69A,C2650003,082B7C58,02F2C41A,4242E69A,C26500F2*22
$PMTKLOX,1,145,172B7C58,02D9C41A,4239E69A,C26600BE,262B7C58,02DFC41A,423DE69A,C266008D,352B7C58,02E1C41A,423DE69A,C26600A0,442B7C58,02E7C41A,4240E69A,C26600AA,532B7C58,02EDC41A,4241E69A,C26600B6,622B7C58,02F4C41A,4243E69A,C266009C*5C
$PMTKLOX,1,146,712B7C58,02F1C41A,4240E69A,C2660089,802B7C58,02EFC41A,423EE69A,C2660018,8F2B7C58,02F4C41A,4241E69A,C2660073,9E2B7C58,02F7C41A,4241E69A,C2650062,AD2B7C58,02F4C41A,4240E69A,C2650053,BC2B7C58,02E7C41A,4236E69A,C2640026*5F
$PMTKLOX,1,147,CB2B7C58,02E3C41A,4235E69A,C2640056,DA2B7C58,02E6C41A,4233E69A,C2640044,E92B7C58,02EAC41A,4235E69A,C264007D,F82B7C58,02EFC41A,4234E69A,C2640068,072C7C58,02F3C41A,4233E69A,C264008B,162C7C58,02F5C41A,4235E69A,C264009A*25
$PMTKLOX,1,148,252C7C58,02F3C41A,4239E69A,C26400A3,342C7C58,02F9C41A,423BE69A,C26400BA,432C7C58,02F8C41A,423BE69A,C26400CC,522C7C58,02F9C41A,423DE69A,C26400DA,612C7C58,02FBC41A,423EE69A,C26400E8,702C7C58,02FBC41A,4241E69A,C2640086*57
$PMTKLOX,1,149,7F2C7C58,02FCC41A,4240E69A,C264008F,8E2C7C58,0200C51A,423FE69A,C26400FC,9D2C7C58,0209C51A,4241E69A,C2640098,AC2C7C58,020DC51A,4244E69A,C26400A8,BB2C7C58,020BC51A,4246E69A,C26300BC,CA2C7C58,0209C51A,4246E69A,C26300CF*54
$PMTKLOX,1,150,D92C7C58,020BC51A,4244E69A,C26300DC,E82C7C58,0206C51A,4242E69A,C26200E7,F72C7C58,0204C51A,4242E69A,C26200FA,062D7C58,0201C51A,4242E69A,C262000F,152D7C58,02FFC41A,4242E69A,C26200E3,242D7C58,0203C51A,4241E69A,C262002C*5A
$PMTKLOX,1,151,332D7C58,020EC51A,4243E69A,C2620034,422D7C58,0211C51A,4244E69A,C262005D,512D7C58,0211C51A,4243E69A,C2620049,602D7C58,020EC51A,4241E69A,C2620065,6F2D7C58,020CC51A,423FE69A,C2620016,7E2D7C58,020AC51A,423FE69A,C2620001*22
$PMTKLOX,1,153,E72D7C58,0202C51A,4248E69A,C26100E4,F62D7C58,0202C51A,4248E69A,C26100F5,052E7C58,0203C51A,4248E69A,C2600005,142E7C58,0203C51A,4247E69A,C260001B,232E7C58,0201C51A,4244E69A,C25F0012,322E7C58,0202C51A,4242E69A,C25F0006*26
$PMTKLOX,1,154,412E7C58,0202C51A,4247E69A,C25F0070,502E7C58,020CC51A,424EE69A,C25F0066,5F2E7C58,020FC51A,4250E69A,C25F0074,6E2E7C58,020EC51A,424EE69A,C25F005A,7D2E7C58,020DC51A,424FE69A,C25F004B,8C2E7C58,020FC51A,4252E69A,C25F00A5*21
$PMTKLOX,1,155,9B2E7C58,020CC51A,4251E69A,C25F00B2,AA2E7C58,020DC51A,4250E69A,C25F0083,B8917D58,02392A16,42AC0C9B,C25400E4,C7917D58,023B2A16,42A90C9B,C243008B,D6917D58,02322A16,42AD0C9B,C2460092,E5917D58,02402A16,42A80C9B,C24400D4*5F
$PMTKLOX,1,156,F4917D58,02452A16,42A80C9B,C24400C0,03927D58,02482A16,42A80C9B,C2440039,12927D58,02462A16,42A50C9B,C244002B,21927D58,023C2A16,42A40C9B,C2430064,30927D58,02392A16,42A60C9B,C2430072,3F927D58,02372A16,42A60C9B,C2430073*23
$PMTKLOX,1,157,4E927D58,023F2A16,42A20C9B,C242000F,5D927D58,023E2A16,42A00C9B,C243001E,6C927D58,023E2A16,429F0C9B,C2430010,7B927D58,02392A16,429E0C9B,C2430001,8A927D58,02362A16,429C0C9B,C24300FD,99927D58,023B2A16,429C0C9B,C24300E3*5F
$PMTKLOX,1,158,C0927D58,024F2A16,42A90C9B,C24300FB,CF927D58,024A2A16,429F0C9B,C24300C7,DE927D58,024A2A16,42A00C9B,C24300E9,ED927D58,02482A16,42A10C9B,C24300D9,FC927D58,02452A16,42A00C9B,C24300C4,0B937D58,02422A16,42A10C9B,C2430034*2B
$PMTKLOX,1,159,2E937D58,02672A16,429B0C9B,C243000E,3D937D58,024D2A16,42A40C9B,C2430008,4C937D58,02432A16,42A60C9B,C2430075,5B937D58,02412A16,42A60C9B,C2430060,6A937D58,023F2A16,42A50C9B,C243002C,79937D58,023C2A16,42A30C9B,C243003A*28
$PMTKLOX,1,160,88937D58,023F2A16,42A30C9B,C24300C8,97937D58,02432A16,42A10C9B,C24300A9,A6937D58,02432A16,429F0C9B,C24300A6,B5937D58,02412A16,429F0C9B,C24300B7,C4937D58,023E2A16,42A00C9B,C2430086,D3937D58,02412A16,42A10C9B,C24300EF*5D
$PMTKLOX,1,161,E2937D58,02422A16,42A10C9B,C24300DD,F1937D58,02422A16,429F0C9B,C24300F0,00947D58,02442A16,429E0C9B,C2430001,8E1C8058,023C2A16,42AA0C9B,C23B00CE,9D1C8058,02382A16,42A30C9B,C23300D8,AC1C8058,02382A16,42A30C9B,C23300E9*5C
$PMTKLOX,1,162,BB1C8058,02352A16,42A20C9B,C23300F2,CA1C8058,02342A16,42A10C9B,C2330081,F31C8058,023B2A16,429E0C9B,C2330088,021D8058,02372A16,429B0C9B,C2330071,111D8058,02342A16,42980C9B,C2330062,201D8058,023E2A16,42A10C9B,C2330060*24
$PMTKLOX,1,163,2F1D8058,023D2A16,429F0C9B,C2330052,3E1D8058,02392A16,429B0C9B,C2330043,4D1D8058,02412A16,429D0C9B,C233004E,5C1D8058,02422A16,429E0C9B,C233005F,6B1D8058,043F2A16,429E0C9B,C2330013,7A1D8058,04372A16,42980C9B,C233000C*5E
$PMTKLOX,1,164,891D8058,04372A16,42990C9B,C23400F9,981D8058,043E2A16,429B0C9B,C23400E3,A71D8058,043F2A16,429D0C9B,C23400DB,B61D8058,04402A16,429D0C9B,C23400B5,C51D8058,04432A16,429E0C9B,C23400C6,D41D8058,043C2A16,42A00C9B,C2340096*5F
$PMTKLOX,1,165,E31D8058,043C2A16,42A10C9B,C23400A0,F21D8058,04392A16,42A00C9B,C23400B5,011E8058,043F2A16,42A10C9B,C2350043,101E8058,04422A16,429F0C9B,C2350011,A2248058,02482A16,428F0C9B,C2230093,B1248058,024C2A16,428E0C9B,C2240082*21
$PMTKLOX,1,166,C0248058,02572A16,42970C9B,C22300F6,CF248058,024F2A16,42940C9B,C22400E5,DE248058,024A2A16,42970C9B,C22600F0,ED248058,024A2A16,42970C9B,C22600C3,FC248058,02492A16,42900C9B,C22700D7,0B258058,02422A16,42880C9B,C2270032*5B
$PMTKLOX,1,167,1A258058,02402A16,42860C9B,C227002F,29258058,023E2A16,42840C9B,C2270060,38258058,023A2A16,42850C9B,C2270074,47258058,023E2A16,42870C9B,C227000D,56258058,023C2A16,428A0C9B,C228001C,65258058,023D2A16,42910C9B,C2290034*5A
$PMTKLOX,1,168,9E258058,023E2A16,42A60C9B,C22900FB,AD258058,023E2A16,429E0C9B,C22900F0,BC258058,02402A16,42980C9B,C2290099,CB258058,02422A16,42970C9B,C22900E3,DA258058,02432A16,42970C9B,C22900F3,E9258058,023E2A16,42980C9B,C22900B2*2E
$PMTKLOX,1,170,52268058,02272A16,429F0C9B,C22C0011,61268058,02292A16,429D0C9B,C22C002E,70268058,02292A16,429E0C9B,C22C003C,FFFFFFFF,FFFFFFFF,FFFFFFFF,FFFFFFFF,0500010A,1F000000,0F000000,0000140A,00000000,00000000,00000000,00000000*5C
$PMTKLOX,1,171,00000000,00000000,00000000,0000001F,FFFFFFFF,FFFFFFFF,FFFFFFFF,000C8C14,7F268058,022A2A16,429E0C9B,C22D0031,8E268058,022A2A16,429F0C9B,C22D00C1,9D268058,02282A16,429F0C9B,C22D00D0,AC268058,02292A16,42A10C9B,C22D00DE*5E
$PMTKLOX,1,172,BB268058,02262A16,42A30C9B,C22D00C4,CA268058,02262A16,42A50C9B,C22D00B3,D9268058,022C2A16,42A50C9B,C22D00AA,E8268058,02292A16,42A40C9B,C22D009F,F7268058,022C2A16,42A30C9B,C22D0082,06278058,02302A16,42A40C9B,C22D0069*5C
$PMTKLOX,1,173,15278058,023E2A16,42A80C9B,C22E007B,24278058,023E2A16,42A90C9B,C22E004B,33278058,023F2A16,42AA0C9B,C22E005E,42278058,023F2A16,42AA0C9B,C22E002F,51278058,02412A16,42AB0C9B,C22E0043,60278058,02422A16,42A90C9B,C22E0073*26
$PMTKLOX,1,174,6F278058,043E2A16,42A80C9B,C2310018,7E278058,04442A16,42A60C9B,C233007F,8D278058,04452A16,42A70C9B,C233008C,9C278058,04482A16,42A50C9B,C2330092,AB278058,04482A16,42A40C9B,C23300A4,BA278058,044C2A16,42A20C9B,C23300B7*5E
$PMTKLOX,1,175,C9278058,044F2A16,42A20C9B,C23300C7,D8278058,044B2A16,42A30C9B,C23300D3,E7278058,04492A16,42A30C9B,C23300EE,F6278058,04442A16,42AE0C9B,C23300FF,05288058,04412A16,42AB0C9B,C2340004,1C288058,043B2A16,42A20C9B,C234006E*26
$PMTKLOX,1,176,2B288058,042C2A16,42A00C9B,C234004C,3A288058,042D2A16,429F0C9B,C2340063,49288058,042D2A16,42A10C9B,C234002E,58288058,042C2A16,42A00C9B,C234003F,67288058,042E2A16,42A10C9B,C2350002,76288058,042C2A16,42A30C9B,C2350013*21
$PMTKLOX,1,177,85288058,042B2A16,42A50C9B,C23500E1,94288058,042C2A16,42A50C9B,C23500F7,A3288058,04362A16,42A20C9B,C23700DF,B2288058,04372A16,42A10C9B,C23700CC,C1288058,04332A16,42A30C9B,C23700B9,D0288058,04332A16,42A20C9B,C23700A9*5B
$PMTKLOX,1,178,DF288058,04332A16,42A20C9B,C23700A6,EE288058,043F2A16,42A10C9B,C2390096,FD288058,04432A16,429F0C9B,C23B00C5,0C298058,04462A16,42A10C9B,C23C0009,1B298058,04462A16,42A10C9B,C23D001F,2A298058,04462A16,42A20C9B,C23D002D*52
$PMTKLOX,1,179,39298058,04452A16,42A30C9B,C23D003C,48298058,04442A16,42A20C9B,C23D004D,57298058,04462A16,429E0C9B,C23D006C,66298058,04432A16,429F0C9B,C23D0059,75298058,04422A16,42A10C9B,C23D0075,84298058,043D2A16,42A10C9B,C23E00F8*2E
$PMTKLOX,1,180,93298058,043B2A16,42A20C9B,C23E00EA,A2298058,043F2A16,42A10C9B,C23E00DC,B1298058,043F2A16,42A10C9B,C23E00CF,C0298058,04402A16,42A10C9B,C23E00C1,CF298058,04432A16,42A00C9B,C23E00CC,DE298058,04412A16,429F0C9B,C23E00E0*57
$PMTKLOX,1,181,ED298058,043C2A16,42A00C9B,C23E0091,FC298058,043C2A16,42A10C9B,C23E0081,0B2A8058,043A2A16,42A10C9B,C23E0073,1A2A8058,04372A16,42A00C9B,C23E006E,292A8058,04352A16,42A10C9B,C23E005E,382A8058,04322A16,42A00C9B,C23E0049*2D
$PMTKLOX,1,182,482A8058,04312A16,429F0C9B,C23E0005,572A8058,04312A16,42A00C9B,C23E0025,662A8058,04302A16,42A00C9B,C23E0015,7B2A8058,042A2A16,42A10C9B,C23E0013,8A2A8058,04302A16,429F0C9B,C23E00C6,A22A8058,04332A16,42A20C9B,C23E00D0*57
$PMTKLOX,1,183,B12A8058,042F2A16,42A20C9B,C23E00DF,C02A8058,042C2A16,42A40C9B,C23E00AB,CF2A8058,04352A16,42A50C9B,C23E00BC,DE2A8058,04372A16,42A80C9B,C23E00A2,ED2A8058,04362A16,42A80C9B,C23E0090,FC2A8058,04342A16,42A90C9B,C23E0082*2D
$PMTKLOX,1,184,0B2B8058,043A2A16,42A70C9B,C240000A,1A2B8058,043B2A16,42A80C9B,C2400015,292B8058,043B2A16,42A90C9B,C2400027,382B8058,04392A16,42AA0C9B,C2400037,472B8058,043A2A16,42AA0C9B,C240004B,562B8058,04382A16,42A60C9B,C23F002B*55
$PMTKLOX,1,185,652B8058,04372A16,42A40C9B,C23F0015,742B8058,04352A16,42A30C9B,C23F0001,832B8058,04332A16,42A50C9B,C23F00F6,922B8058,04372A16,42A60C9B,C23E00E1,A12B8058,04322A16,42A80C9B,C23E00D9,B02B8058,042F2A16,42A80C9B,C23E00D5*2F
$PMTKLOX,1,186,BF2B8058,042E2A16,42A70C9B,C23E00D4,CE2B8058,042D2A16,42A90C9B,C23D00AB,DD2B8058,04302A16,42A90C9B,C23D00A5,EC2B8058,04302A16,42A80C9B,C23D0095,FE2B8058,042B2A16,42A90C9B,C23D009D,0D2C8058,04282A16,42A60C9B,C23D0065*2A
$PMTKLOX,1,187,1C2C8058,04232A16,42A50C9B,C23D007C,2B2C8058,04242A16,42A60C9B,C23D004F,3A2C8058,04292A16,42A40C9B,C23E0052,4C2C8058,04202A16,42A30C9B,C23E002A,5B2C8058,04182A16,42A30C9B,C23E0005,6A2C8058,04162A16,42A20C9B,C23E003B*52
$PMTKLOX,1,188,792C8058,041B2A16,42A40C9B,C23E0023,882C8058,042C2A16,42A90C9B,C23E00E8,972C8058,042A2A16,42AD0C9B,C23E00F5,A62C8058,042D2A16,42AF0C9B,C23E00C1,B52C8058,042F2A16,42AF0C9B,C23E00D0,C42C8058,04302A16,42AC0C9B,C23E00BD*5B
$PMTKLOX,1,189,D62C8058,042E2A16,42AB0C9B,C23E00B6,E52C8058,042D2A16,42A90C9B,C23E0084,F42C8058,042C2A16,42A80C9B,C23F0094,032D8058,042F2A16,42A60C9B,C23F006F,122D8058,04302A16,42A60C9B,C23F0061,212D8058,04332A16,42A40C9B,C23F0053*58
$PMTKLOX,1,190,302D8058,04372A16,42A20C9B,C23F0040,3F2D8058,04482A16,429D0C9B,C2400070,4E2D8058,044B2A16,429B0C9B,C2400004,5D2D8058,04492A16,429A0C9B,C2400014,732D8058,043D2A16,429A0C9B,C240004E,822D8058,04312A16,42A30C9B,C23F00F5*29
$PMTKLOX,1,191,912D8058,042F2A16,42A60C9B,C23E00FC,A02D8058,042F2A16,42A10C9B,C23F00CB,AF2D8058,042F2A16,42A10C9B,C23F00C4,BE2D8058,042D2A16,42A00C9B,C23F00D6,CD2D8058,042D2A16,42A00C9B,C23E00A4,E42D8058,042B2A16,42A40C9B,C23E008F*51
$PMTKLOX,1,192,F32D8058,043F2A16,42A80C9B,C23F0081,022E8058,04412A16,42A90C9B,C23F000C,112E8058,04432A16,42A60C9B,C23F0012,202E8058,04402A16,42A60C9B,C23F0020,2F2E8058,04392A16,42A50C9B,C23F0055,452E8058,04362A16,42A30C9B,C23F0036*56
$PMTKLOX,1,193,542E8058,04382A16,42A50C9B,C2400050,632E8058,04372A16,42A40C9B,C2400069,722E8058,04362A16,42A00C9B,C23F0002,812E8058,04372A16,429F0C9B,C23F00CF,902E8058,043A2A16,429E0C9B,C23F00D2,9F2E8058,04382A16,429D0C9B,C23F00DC*28
$PMTKLOX,1,195,082F8058,043C2A16,42A20C9B,C240000E,172F8058,043C2A16,42A40C9B,C2410016,262F8058,043C2A16,42A40C9B,C2420024,352F8058,043D2A16,42A60C9B,C2420034,442F8058,043C2A16,42A50C9B,C2420047,532F8058,043A2A16,42A50C9B,C2420056*2C
$PMTKLOX,1,196,622F8058,04392A16,42A50C9B,C2420064,742F8058,04392A16,42A50C9B,C2420072,832F8058,04392A16,42A40C9B,C2420084,922F8058,043B2A16,42A40C9B,C2420097,A12F8058,043C2A16,42A40C9B,C24200A3,B72F8058,043A2A16,42A30C9B,C24200B4*2B
$PMTKLOX,1,197,C62F8058,04372A16,42A10C9B,C24200CA,D52F8058,04332A16,42A10C9B,C24200DD,E42F8058,04332A16,42A00C9B,C24200ED,F72F8058,042F2A16,429D0C9B,C24200DF,06308058,04302A16,429B0C9B,C2420028,15308058,042F2A16,429B0C9B,C2420024*57
$PMTKLOX,1,198,24308058,04342A16,429C0C9B,C2420009,33308058,04302A16,429B0C9B,C242001D,42308058,042F2A16,429B0C9B,C2420073,51308058,042D2A16,429B0C9B,C2410061,60308058,042B2A16,429D0C9B,C2410050,6F308058,04292A16,429E0C9B,C241005E*5E
$PMTKLOX,1,199,7E308058,04272A16,429D0C9B,C2410042,8D308058,04292A16,429F0C9B,C24100BD,9C308058,042A2A16,429E0C9B,C24100AE,AB308058,042C2A16,429F0C9B,C241009E,BA308058,04302A16,429F0C9B,C2410093,C9308058,042F2A16,429F0C9B,C24100FF*5F
$PMTKLOX,1,200,D8308058,042D2A16,429D0C9B,C24100EE,EE308058,04282A16,429F0C9B,C24100DF,FD308058,042B2A16,42A20C9B,C24000F3,0C318058,042E2A16,42A30C9B,C2400007,1B318058,042F2A16,42A40C9B,C2400016,2A318058,04302A16,42A20C9B,C240003E*5E
$PMTKLOX,1,201,39318058,04312A16,42A30C9B,C240002D,48318058,04312A16,42A10C9B,C240005E,57318058,04362A16,42A50C9B,C2400042,66318058,04342A16,42A60C9B,C2400072,75318058,04342A16,42A40C9B,C2400063,84318058,04322A16,42A30C9B,C2400093*59
$PMTKLOX,1,202,9A318058,042D2A16,42A50C9B,C2400094,A9318058,04272A16,42A40C9B,C24000AC,B8318058,04272A16,42A30C9B,C24000BA,C7318058,04282A16,42A20C9B,C24000CB,D6318058,04282A16,42A10C9B,C24000D9,E5318058,042D2A16,42A10C9B,C24000EF*27
$PMTKLOX,1,203,F4318058,04332A16,42A10C9B,C24000E0,03328058,04352A16,42A10C9B,C2400012,12328058,04432A16,42A30C9B,C23F0008,21328058,04412A16,42A30C9B,C23F0039,30328058,04452A16,42A40C9B,C2400054,3F328058,04422A16,42A30C9B,C240005B*5B
$PMTKLOX,1,204,4E328058,04422A16,42A50C9B,C240002C,5D328058,04452A16,42A20C9B,C240003F,6C328058,04422A16,42A20C9B,C2400009,7B328058,043C2A16,42A10C9B,C2400063,8A328058,04202A16,42B20C9B,C23F00E2,99328058,04132A16,42B80C9B,C23F00C8*5C
$PMTKLOX,1,205,A8328058,04082A16,42B80C9B,C23E00E3,B7328058,04FA2916,42BA0C9B,C23E000F,C6328058,04FC2916,42B60C9B,C23E0074,D5328058,04FF2916,42B40C9B,C23E0066,E4328058,04022A16,42B20C9B,C23E00AF,F3328058,04022A16,42B10C9B,C23E00BB*5D
$PMTKLOX,1,206,02338058,04042A16,42B50C9B,C23D004A,11338058,04112A16,42B40C9B,C23D004D,20338058,04322A16,42A20C9B,C23D0049,2F338058,04462A16,429A0C9B,C23C000B,3E338058,043F2A16,429E0C9B,C23B0060,4D338058,04352A16,42A50C9B,C2390020*5A
$PMTKLOX,1,207,5C338058,04342A16,42A60C9B,C2390033,6B338058,043A2A16,42A20C9B,C23A000D,7A338058,043B2A16,42A60C9B,C23A0019,89338058,04382A16,42AA0C9B,C23A00E5,98338058,044E2A16,42A20C9B,C2390089,A7338058,04512A16,429F0C9B,C2380095*22
$PMTKLOX,1,208,B6338058,04492A16,42A20C9B,C23700AE,C5338058,044C2A16,429E0C9B,C23900EA,D4338058,04432A16,42A40C9B,C23900CE,E3338058,04412A16,42A70C9B,C23B00FA,F2338058,043D2A16,42A60C9B,C23A0097,01348058,04402A16,42A20C9B,C23A001A*2D
$PMTKLOX,1,209,10348058,04422A16,429E0C9B,C2390036,1F348058,043A2A16,429E0C9B,C2380040,2E348058,04382A16,42A20C9B,C2360041,3D348058,04362A16,42A20C9B,C235005F,4C348058,04322A16,42A20C9B,C234002B,5B348058,042B2A16,42A30C9B,C2340024*2C
$PMTKLOX,1,210,6A348058,042C2A16,42A00C9B,C2350010,79348058,042A2A16,42A00C9B,C2340004,88348058,04292A16,42A10C9B,C23500F6,97348058,042A2A16,42A20C9B,C23400E8,A6348058,043C2A16,429D0C9B,C23300F7,B5348058,04392A16,429D0C9B,C23300E1*22
$PMTKLOX,1,211,C4348058,04382A16,429E0C9B,C2330092,D3348058,04332A16,429F0C9B,C233008F,E2348058,04332A16,429F0C9B,C23300BE,F1348058,04352A16,429D0C9B,C23300A9,00358058,04362A16,429C0C9B,C233005B,0F358058,04362A16,429F0C9B,C2340050*5A
$PMTKLOX,1,212,1E358058,04342A16,42A10C9B,C234007D,2D358058,04342A16,42A10C9B,C234004E,3C358058,04342A16,42A10C9B,C234005F,4B358058,04382A16,429E0C9B,C235001A,5A358058,04372A16,429E0C9B,C2350004,69358058,04392A16,429C0C9B,C235003B*5B
$PMTKLOX,1,213,78358058,04392A16,429C0C9B,C235002A,FFFFFFFF,FFFFFFFF,FFFFFFFF,FFFFFFFF,0600010A,1F000000,0F000000,0000170A,00000000,00000000,00000000,00000000,00003FFF,FFFFFFFF,FFFFFFFF,FFFFFFFF,FFFFFFFF,FFFFFFFF,FFFFFFFF,00FC8C1C*27
$PMTKLOX,1,214,87358058,04392A16,429C0C9B,C23500D5,96358058,04382A16,429B0C9B,C23500C2,A5358058,043B2A16,42990C9B,C23500F0,B4358058,043F2A16,42970C9B,C23500EB,C3358058,04432A16,42960C9B,C23500E1,D2358058,04442A16,42960C9B,C23500F7*22
$PMTKLOX,1,215,E1358058,04442A16,42990C9B,C23500CB,F0358058,04372A16,429D0C9B,C23500AD,FF358058,043F2A16,429A0C9B,C23600AE,0E368058,04462A16,42960C9B,C2360029,1D368058,04492A16,42990C9B,C237003B,2C368058,04422A16,429F0C9B,C2370007*5E
$PMTKLOX,1,216,3B368058,04462A16,429E0C9B,C238001A,4A368058,04482A16,429E0C9B,C2380065,59368058,04492A16,429C0C9B,C2380075,68368058,044C2A16,429B0C9B,C2380046,77368058,04502A16,42980C9B,C2380046,86368058,044F2A16,42990C9B,C23800A9*5F
$PMTKLOX,1,217,95368058,04502A16,429B0C9B,C23800A7,A4368058,044E2A16,429E0C9B,C238008D,B3368058,044C2A16,429D0C9B,C238009B,C2368058,044B2A16,429C0C9B,C23800EC,D1368058,04492A16,429D0C9B,C23800FC,E0368058,044A2A16,429C0C9B,C23800CF*58
$PMTKLOX,1,218,EF368058,04492A16,429B0C9B,C23800C4,FE368058,04472A16,429B0C9B,C23800DB,0D378058,04492A16,429A0C9B,C2380026,1C378058,04492A16,429B0C9B,C2380036,2B378058,04502A16,42A00C9B,C2390022,3A378058,04492A16,42A90C9B,C2390023*2A
$PMTKLOX,1,219,49378058,04452A16,42AB0C9B,C239005E,58378058,04442A16,42AE0C9B,C239004B,67378058,04482A16,42A90C9B,C23A007C,76378058,04452A16,42A70C9B,C23A006E,85378058,04452A16,42A70C9B,C23A009D,94378058,04452A16,42A50C9B,C23A008E*54
$PMTKLOX,1,220,A3378058,044A2A16,42A30C9B,C23A00B0,B2378058,044E2A16,42A40C9B,C23A00A2,C1378058,044F2A16,42A70C9B,C23A00D3,D0378058,04502A16,42A70C9B,C23A00DD,DF378058,045A2A16,429B0C9B,C23A00E4,EE378058,04582A16,42980C9B,C23900D7*25
$PMTKLOX,1,221,FD378058,04542A16,429A0C9B,C23900CA,0C388058,044B2A16,429D0C9B,C23A002F,1B388058,04482A16,42990C9B,C23A003F,2A388058,04482A16,42990C9B,C23A000E,39388058,04492A16,42990C9B,C23A001C,48388058,04472A16,429A0C9B,C23A0060*5F
$PMTKLOX,1,222,57388058,04402A16,429B0C9B,C23A0079,66388058,04432A16,429B0C9B,C23A004B,75388058,04432A16,429A0C9B,C23A0059,84388058,04472A16,42980C9B,C23A00AE,93388058,04472A16,42960C9B,C23A00B7,A2388058,04492A16,42960C9B,C23A0088*5A
$PMTKLOX,1,223,B1388058,044B2A16,42950C9B,C23A009A,C0388058,044C2A16,42940C9B,C23A00ED,CF388058,044F2A16,42940C9B,C23A00E1,DE388058,04502A16,42930C9B,C23A00E8,ED388058,044B2A16,42930C9B,C23A00C0,FC388058,04492A16,42940C9B,C23900D7*5F
$PMTKLOX,1,224,0B398058,04462A16,42920C9B,C2390028,1A398058,04432A16,42900C9B,C239003E,29398058,04432A16,428E0C9B,C2390013,38398058,04402A16,428E0C9B,C2380000,47398058,04402A16,42940C9B,C2390064,56398058,04422A16,42950C9B,C2390076*25
$PMTKLOX,1,225,65398058,04402A16,42940C9B,C2390046,74398058,04402A16,42940C9B,C2390057,83398058,043C2A16,42920C9B,C23900DA,92398058,043C2A16,42920C9B,C23900CB,A1398058,04372A16,42930C9B,C23900F2,B0398058,04342A16,42920C9B,C23900E1*59
$PMTKLOX,1,226,BF398058,04342A16,42920C9B,C23900EE,CE398058,04342A16,42910C9B,C239009C,DD398058,04312A16,42910C9B,C239008A,EC398058,042C2A16,42900C9B,C23900A7,FB398058,04202A16,428E0C9B,C23900A2,0A3A8058,041F2A16,428B0C9B,C239006A*25
$PMTKLOX,1,227,193A8058,04252A16,42890C9B,C2390041,283A8058,04252A16,42870C9B,C239007E,373A8058,04202A16,42890C9B,C239006A,463A8058,04152A16,42890C9B,C238002F,553A8058,04142A16,42890C9B,C238003D,643A8058,04332A16,428F0C9B,C238002D*5F
$PMTKLOX,1,229,CD3A8058,042B2A16,42900C9B,C2380083,DC3A8058,04272A16,42910C9B,C238009F,EB3A8058,04282A16,42900C9B,C23800A6,FA3A8058,04282A16,42900C9B,C23800B7,093B8058,04252A16,428D0C9B,C2380055,183B8058,04242A16,428B0C9B,C2380043*53
$PMTKLOX,1,230,273B8058,04282A16,42970C9B,C23A006E,363B8058,042A2A16,42960C9B,C23A007C,453B8058,04272A16,42930C9B,C23A0007,543B8058,04252A16,42930C9B,C23A0014,633B8058,04232A16,42950C9B,C23A0023,723B8058,04222A16,42960C9B,C23A0030*26
$PMTKLOX,1,231,813B8058,04202A16,42970C9B,C23A00C0,903B8058,04222A16,42970C9B,C23A00D3,9F3B8058,04242A16,42950C9B,C23A00D8,AE3B8058,04252A16,42930C9B,C23B00EF,BD3B8058,04272A16,42930C9B,C23B00FE,CC3B8058,04272A16,42920C9B,C23B008E*27
$PMTKLOX,1,232,DB3B8058,04282A16,42920C9B,C23B0096,EA3B8058,04262A16,42920C9B,C23B00A9,F93B8058,04272A16,42920C9B,C23B00BB,083C8058,042A2A16,42920C9B,C23B0040,173C8058,042B2A16,42940C9B,C23A0059,263C8058,04292A16,42950C9B,C23A006B*24
$PMTKLOX,1,233,353C8058,04202A16,42980C9B,C23B007D,443C8058,041E2A16,42970C9B,C23B003D,533C8058,041E2A16,42970C9B,C23B002A,623C8058,041F2A16,42980C9B,C23B0015,7C3C8058,042C2A16,42970C9B,C23B0037,8B3C8058,04372A16,42980C9B,C23B00D4*58
$PMTKLOX,1,234,9A3C8058,043E2A16,42990C9B,C23B00CD,A93C8058,04472A16,42970C9B,C23B0089,B83C8058,04442A16,42980C9B,C23B0094,C73C8058,04452A16,429A0C9B,C23B00E8,D63C8058,044B2A16,429F0C9B,C23B00F2,E53C8058,044D2A16,429E0C9B,C23B00C6*20
$PMTKLOX,1,235,F43C8058,044F2A16,429F0C9B,C23B00D4,033D8058,044E2A16,429C0C9B,C23B0020,123D8058,04492A16,429D0C9B,C23B0037,213D8058,044B2A16,429E0C9B,C23C0002,373D8058,04512A16,429F0C9B,C23C000F,463D8058,043E2A16,42940C9B,C23B001D*27
$PMTKLOX,1,236,553D8058,04372A16,42920C9B,C23B0001,643D8058,04312A16,42910C9B,C23B0035,733D8058,041F2A16,42840C9B,C23C001E,823D8058,04192A16,42830C9B,C23C00EE,913D8058,040B2A16,42870C9B,C23D00EA,A03D8058,04052A16,42870C9B,C23D00D5*26
$PMTKLOX,1,237,AF3D8058,04072A16,428B0C9B,C23D00D4,BE3D8058,042F2A16,428E0C9B,C23E00EB,CD3D8058,04302A16,428F0C9B,C23E0086,DC3D8058,043E2A16,42940C9B,C23D0081,EB3D8058,043F2A16,42970C9B,C23D00B4,FA3D8058,042D2A16,42970C9B,C24000CA*58
$PMTKLOX,1,238,093E8058,042E2A16,42940C9B,C240003A,183E8058,04302A16,42930C9B,C2400032,FFFFFFFF,FFFFFFFF,FFFFFFFF,FFFFFFFF,FFFFFFFF,FFFFFFFF,FFFFFFFF,FFFFFFFF,FFFFFFFF,FFFFFFFF,FFFFFFFF,FFFFFFFF,FFFFFFFF,FFFFFFFF,FFFFFFFF,FFFFFFFF*51
$PMTKLOX,1,239,FFFFFFFF,FFFFFFFF,FFFFFFFF,FFFFFFFF,FFFFFFFF,FFFFFFFF,FFFFFFFF,FFFFFFFF,FFFFFFFF,FFFFFFFF,FFFFFFFF,FFFFFFFF,FFFFFFFF,FFFFFFFF,FFFFFFFF,FFFFFFFF,FFFFFFFF,FFFFFFFF,FFFFFFFF,FFFFFFFF,FFFFFFFF,FFFFFFFF,FFFFFFFF,FFFFFFFF*50
$PMTKLOX,1,240,FFFFFFFF,FFFFFFFF,FFFFFFFF,FFFFFFFF,FFFFFFFF,FFFFFFFF,FFFFFFFF,FFFFFFFF,FFFFFFFF,FFFFFFFF,FFFFFFFF,FFFFFFFF,FFFFFFFF,FFFFFFFF,FFFFFFFF,FFFFFFFF,FFFFFFFF,FFFFFFFF,FFFFFFFF,FFFFFFFF,FFFFFFFF,FFFFFFFF,FFFFFFFF,FFFFFFFF*5E
$PMTKLOX,1,241,FFFFFFFF,FFFFFFFF,FFFFFFFF,FFFFFFFF,FFFFFFFF,FFFFFFFF,FFFFFFFF,FFFFFFFF,FFFFFFFF,FFFFFFFF,FFFFFFFF,FFFFFFFF,FFFFFFFF,FFFFFFFF,FFFFFFFF,FFFFFFFF,FFFFFFFF,FFFFFFFF,FFFFFFFF,FFFFFFFF,FFFFFFFF,FFFFFFFF,FFFFFFFF,FFFFFFFF*5F
$PMTKLOX,1,242,FFFFFFFF,FFFFFFFF,FFFFFFFF,FFFFFFFF,FFFFFFFF,FFFFFFFF,FFFFFFFF,FFFFFFFF,FFFFFFFF,FFFFFFFF,FFFFFFFF,FFFFFFFF,FFFFFFFF,FFFFFFFF,FFFFFFFF,FFFFFFFF,FFFFFFFF,FFFFFFFF,FFFFFFFF,FFFFFFFF,FFFFFFFF,FFFFFFFF,FFFFFFFF,FFFFFFFF*5C
$PMTKLOX,1,243,FFFFFFFF,FFFFFFFF,FFFFFFFF,FFFFFFFF,FFFFFFFF,FFFFFFFF,FFFFFFFF,FFFFFFFF,FFFFFFFF,FFFFFFFF,FFFFFFFF,FFFFFFFF,FFFFFFFF,FFFFFFFF,FFFFFFFF,FFFFFFFF,FFFFFFFF,FFFFFFFF,FFFFFFFF,FFFFFFFF,FFFFFFFF,FFFFFFFF,FFFFFFFF,FFFFFFFF*5D
$PMTKLOX,1,244,FFFFFFFF,FFFFFFFF,FFFFFFFF,FFFFFFFF,FFFFFFFF,FFFFFFFF,FFFFFFFF,FFFFFFFF,FFFFFFFF,FFFFFFFF,FFFFFFFF,FFFFFFFF,FFFFFFFF,FFFFFFFF,FFFFFFFF,FFFFFFFF,FFFFFFFF,FFFFFFFF,FFFFFFFF,FFFFFFFF,FFFFFFFF,FFFFFFFF,FFFFFFFF,FFFFFFFF*5A
$PMTKLOX,1,246,FFFFFFFF,FFFFFFFF,FFFFFFFF,FFFFFFFF,FFFFFFFF,FFFFFFFF,FFFFFFFF,FFFFFFFF,FFFFFFFF,FFFFFFFF,FFFFFFFF,FFFFFFFF,FFFFFFFF,FFFFFFFF,FFFFFFFF,FFFFFFFF,FFFFFFFF,FFFFFFFF,FFFFFFFF,FFFFFFFF,FFFFFFFF,FFFFFFFF,FFFFFFFF,FFFFFFFF*58
$PMTKLOX,1,247,FFFFFFFF,FFFFFFFF,FFFFFFFF,FFFFFFFF,FFFFFFFF,FFFFFFFF,FFFFFFFF,FFFFFFFF,FFFFFFFF,FFFFFFFF,FFFFFFFF,FFFFFFFF,FFFFFFFF,FFFFFFFF,FFFFFFFF,FFFFFFFF,FFFFFFFF,FFFFFFFF,FFFFFFFF,FFFFFFFF,FFFFFFFF,FFFFFFFF,FFFFFFFF,FFFFFFFF*59
$PMTKLOX,1,248,FFFFFFFF,FFFFFFFF,FFFFFFFF,FFFFFFFF,FFFFFFFF,FFFFFFFF,FFFFFFFF,FFFFFFFF,FFFFFFFF,FFFFFFFF,FFFFFFFF,FFFFFFFF,FFFFFFFF,FFFFFFFF,FFFFFFFF,FFFFFFFF,FFFFFFFF,FFFFFFFF,FFFFFFFF,FFFFFFFF,FFFFFFFF,FFFFFFFF,FFFFFFFF,FFFFFFFF*56
$PMTKLOX,1,249,FFFFFFFF,FFFFFFFF,FFFFFFFF,FFFFFFFF,FFFFFFFF,FFFFFFFF,FFFFFFFF,FFFFFFFF,FFFFFFFF,FFFFFFFF,FFFFFFFF,FFFFFFFF,FFFFFFFF,FFFFFFFF,FFFFFFFF,FFFFFFFF,FFFFFFFF,FFFFFFFF,FFFFFFFF,FFFFFFFF,FFFFFFFF,FFFFFFFF,FFFFFFFF,FFFFFFFF*57
$PMTKLOX,1,250,FFFFFFFF,FFFFFFFF,FFFFFFFF,FFFFFFFF,FFFFFFFF,FFFFFFFF,FFFFFFFF,FFFFFFFF,FFFFFFFF,FFFFFFFF,FFFFFFFF,FFFFFFFF,FFFFFFFF,FFFFFFFF,FFFFFFFF,FFFFFFFF,FFFFFFFF,FFFFFFFF,FFFFFFFF,FFFFFFFF,FFFFFFFF,FFFFFFFF,FFFFFFFF,FFFFFFFF*5F
$PMTKLOX,1,251,FFFFFFFF,FFFFFFFF,FFFFFFFF,FFFFFFFF,FFFFFFFF,FFFFFFFF,FFFFFFFF,FFFFFFFF,FFFFFFFF,FFFFFFFF,FFFFFFFF,FFFFFFFF,FFFFFFFF,FFFFFFFF,FFFFFFFF,FFFFFFFF,FFFFFFFF,FFFFFFFF,FFFFFFFF,FFFFFFFF,FFFFFFFF,FFFFFFFF,FFFFFFFF,FFFFFFFF*5E
$PMTKLOX,1,252,FFFFFFFF,FFFFFFFF,FFFFFFFF,FFFFFFFF,FFFFFFFF,FFFFFFFF,FFFFFFFF,FFFFFFFF,FFFFFFFF,FFFFFFFF,FFFFFFFF,FFFFFFFF,FFFFFFFF,FFFFFFFF,FFFFFFFF,FFFFFFFF,FFFFFFFF,FFFFFFFF,FFFFFFFF,FFFFFFFF,FFFFFFFF,FFFFFFFF,FFFFFFFF,FFFFFFFF*5D
$PMTKLOX,1,253,FFFFFFFF,FFFFFFFF,FFFFFFFF,FFFFFFFF,FFFFFFFF,FFFFFFFF,FFFFFFFF,FFFFFFFF,FFFFFFFF,FFFFFFFF,FFFFFFFF,FFFFFFFF,FFFFFFFF,FFFFFFFF,FFFFFFFF,FFFFFFFF,FFFFFFFF,FFFFFFFF,FFFFFFFF,FFFFFFFF,FFFFFFFF,FFFFFFFF,FFFFFFFF,FFFFFFFF*5C
$PMTKLOX,1,254,FFFFFFFF,FFFFFFFF,FFFFFFFF,FFFFFFFF,FFFFFFFF,FFFFFFFF,FFFFFFFF,FFFFFFFF,FFFFFFFF,FFFFFFFF,FFFFFFFF,FFFFFFFF,FFFFFFFF,FFFFFFFF,FFFFFFFF,FFFFFFFF,FFFFFFFF,FFFFFFFF,FFFFFFFF,FFFFFFFF,FFFFFFFF,FFFFFFFF,FFFFFFFF,FFFFFFFF*5B
$PMTKLOX,1,255,FFFFFFFF,FFFFFFFF,FFFFFFFF,FFFFFFFF,FFFFFFFF,FFFFFFFF,FFFFFFFF,FFFFFFFF,FFFFFFFF,FFFFFFFF,FFFFFFFF,FFFFFFFF,FFFFFFFF,FFFFFFFF,FFFFFFFF,FFFFFFFF,FFFFFFFF,FFFFFFFF,FFFFFFFF,FFFFFFFF,FFFFFFFF,FFFFFFFF,FFFFFFFF,FFFFFFFF*5A
